# JRE version: Java(TM) SE Runtime Environment (8.0_131-b11) (build 1.8.0_131-b11)
# Java VM: Java HotSpot(TM) 64-Bit Server VM (25.131-b11 mixed mode windows-amd64 compressed oops)
Heap:
 PSYoungGen      total 138240K, used 44199K [0x00000000f6300000, 0x00000000ffe00000, 0x0000000100000000)
  eden space 120832K, 28% used [0x00000000f6300000,0x00000000f8476620,0x00000000fd900000)
  from space 17408K, 57% used [0x00000000fed00000,0x00000000ff6b3900,0x00000000ffe00000)
  to   space 18944K, 0% used [0x00000000fd900000,0x00000000fd900000,0x00000000feb80000)
 ParOldGen       total 67072K, used 32628K [0x00000000e2800000, 0x00000000e6980000, 0x00000000f6300000)
  object space 67072K, 48% used [0x00000000e2800000,0x00000000e47dd2d0,0x00000000e6980000)
 Metaspace       used 70587K, capacity 72764K, committed 72856K, reserved 1112064K
  class space    used 9244K, capacity 9614K, committed 9632K, reserved 1048576K
GC Heap History (10 events):
Event: 19.514 GC heap before
{Heap before GC invocations=13 (full 2):
 PSYoungGen      total 132096K, used 130134K [0x00000000f6300000, 0x00000000ff200000, 0x0000000100000000)
  eden space 121856K, 100% used [0x00000000f6300000,0x00000000fda00000,0x00000000fda00000)
  from space 10240K, 80% used [0x00000000fe800000,0x00000000ff015bf8,0x00000000ff200000)
  to   space 12288K, 0% used [0x00000000fda00000,0x00000000fda00000,0x00000000fe600000)
 ParOldGen       total 42496K, used 17629K [0x00000000e2800000, 0x00000000e5180000, 0x00000000f6300000)
  object space 42496K, 41% used [0x00000000e2800000,0x00000000e3937408,0x00000000e5180000)
 Metaspace       used 49463K, capacity 51010K, committed 51368K, reserved 1093632K
  class space    used 6270K, capacity 6565K, committed 6576K, reserved 1048576K
Event: 19.549 GC heap after
Heap after GC invocations=13 (full 2):
 PSYoungGen      total 134144K, used 12277K [0x00000000f6300000, 0x0000000100000000, 0x0000000100000000)
  eden space 121856K, 0% used [0x00000000f6300000,0x00000000f6300000,0x00000000fda00000)
  from space 12288K, 99% used [0x00000000fda00000,0x00000000fe5fd510,0x00000000fe600000)
  to   space 16384K, 0% used [0x00000000ff000000,0x00000000ff000000,0x0000000100000000)
 ParOldGen       total 42496K, used 23756K [0x00000000e2800000, 0x00000000e5180000, 0x00000000f6300000)
  object space 42496K, 55% used [0x00000000e2800000,0x00000000e3f332f0,0x00000000e5180000)
 Metaspace       used 49463K, capacity 51010K, committed 51368K, reserved 1093632K
  class space    used 6270K, capacity 6565K, committed 6576K, reserved 1048576K
}
Event: 24.040 GC heap before
{Heap before GC invocations=14 (full 2):
 PSYoungGen      total 134144K, used 134133K [0x00000000f6300000, 0x0000000100000000, 0x0000000100000000)
  eden space 121856K, 100% used [0x00000000f6300000,0x00000000fda00000,0x00000000fda00000)
  from space 12288K, 99% used [0x00000000fda00000,0x00000000fe5fd510,0x00000000fe600000)
  to   space 16384K, 0% used [0x00000000ff000000,0x00000000ff000000,0x0000000100000000)
 ParOldGen       total 42496K, used 23756K [0x00000000e2800000, 0x00000000e5180000, 0x00000000f6300000)
  object space 42496K, 55% used [0x00000000e2800000,0x00000000e3f332f0,0x00000000e5180000)
 Metaspace       used 57153K, capacity 58768K, committed 59160K, reserved 1101824K
  class space    used 7319K, capacity 7620K, committed 7712K, reserved 1048576K
Event: 24.070 GC heap after
Heap after GC invocations=14 (full 2):
 PSYoungGen      total 136192K, used 16371K [0x00000000f6300000, 0x0000000100000000, 0x0000000100000000)
  eden space 119808K, 0% used [0x00000000f6300000,0x00000000f6300000,0x00000000fd800000)
  from space 16384K, 99% used [0x00000000ff000000,0x00000000ffffcc98,0x0000000100000000)
  to   space 20480K, 0% used [0x00000000fd800000,0x00000000fd800000,0x00000000fec00000)
 ParOldGen       total 42496K, used 27692K [0x00000000e2800000, 0x00000000e5180000, 0x00000000f6300000)
  object space 42496K, 65% used [0x00000000e2800000,0x00000000e430b1d8,0x00000000e5180000)
 Metaspace       used 57153K, capacity 58768K, committed 59160K, reserved 1101824K
  class space    used 7319K, capacity 7620K, committed 7712K, reserved 1048576K
}
Event: 24.070 GC heap before
{Heap before GC invocations=15 (full 3):
 PSYoungGen      total 136192K, used 16371K [0x00000000f6300000, 0x0000000100000000, 0x0000000100000000)
  eden space 119808K, 0% used [0x00000000f6300000,0x00000000f6300000,0x00000000fd800000)
  from space 16384K, 99% used [0x00000000ff000000,0x00000000ffffcc98,0x0000000100000000)
  to   space 20480K, 0% used [0x00000000fd800000,0x00000000fd800000,0x00000000fec00000)
 ParOldGen       total 42496K, used 27692K [0x00000000e2800000, 0x00000000e5180000, 0x00000000f6300000)
  object space 42496K, 65% used [0x00000000e2800000,0x00000000e430b1d8,0x00000000e5180000)
 Metaspace       used 57153K, capacity 58768K, committed 59160K, reserved 1101824K
  class space    used 7319K, capacity 7620K, committed 7712K, reserved 1048576K
Event: 24.271 GC heap after
Heap after GC invocations=15 (full 3):
 PSYoungGen      total 136192K, used 0K [0x00000000f6300000, 0x0000000100000000, 0x0000000100000000)
  eden space 119808K, 0% used [0x00000000f6300000,0x00000000f6300000,0x00000000fd800000)
  from space 16384K, 0% used [0x00000000ff000000,0x00000000ff000000,0x0000000100000000)
  to   space 20480K, 0% used [0x00000000fd800000,0x00000000fd800000,0x00000000fec00000)
 ParOldGen       total 67072K, used 32620K [0x00000000e2800000, 0x00000000e6980000, 0x00000000f6300000)
  object space 67072K, 48% used [0x00000000e2800000,0x00000000e47db2d0,0x00000000e6980000)
 Metaspace       used 57153K, capacity 58768K, committed 59160K, reserved 1101824K
  class space    used 7319K, capacity 7620K, committed 7712K, reserved 1048576K
}
Event: 27.330 GC heap before
{Heap before GC invocations=16 (full 3):
 PSYoungGen      total 136192K, used 119808K [0x00000000f6300000, 0x0000000100000000, 0x0000000100000000)
  eden space 119808K, 100% used [0x00000000f6300000,0x00000000fd800000,0x00000000fd800000)
  from space 16384K, 0% used [0x00000000ff000000,0x00000000ff000000,0x0000000100000000)
  to   space 20480K, 0% used [0x00000000fd800000,0x00000000fd800000,0x00000000fec00000)
 ParOldGen       total 67072K, used 32620K [0x00000000e2800000, 0x00000000e6980000, 0x00000000f6300000)
  object space 67072K, 48% used [0x00000000e2800000,0x00000000e47db2d0,0x00000000e6980000)
 Metaspace       used 63636K, capacity 65366K, committed 65816K, reserved 1105920K
  class space    used 8363K, capacity 8701K, committed 8736K, reserved 1048576K
Event: 27.375 GC heap after
Heap after GC invocations=16 (full 3):
 PSYoungGen      total 140288K, used 7066K [0x00000000f6300000, 0x0000000100000000, 0x0000000100000000)
  eden space 119808K, 0% used [0x00000000f6300000,0x00000000f6300000,0x00000000fd800000)
  from space 20480K, 34% used [0x00000000fd800000,0x00000000fdee6828,0x00000000fec00000)
  to   space 19456K, 0% used [0x00000000fed00000,0x00000000fed00000,0x0000000100000000)
 ParOldGen       total 67072K, used 32620K [0x00000000e2800000, 0x00000000e6980000, 0x00000000f6300000)
  object space 67072K, 48% used [0x00000000e2800000,0x00000000e47db2d0,0x00000000e6980000)
 Metaspace       used 63636K, capacity 65366K, committed 65816K, reserved 1105920K
  class space    used 8363K, capacity 8701K, committed 8736K, reserved 1048576K
}
Event: 29.815 GC heap before
{Heap before GC invocations=17 (full 3):
 PSYoungGen      total 140288K, used 126874K [0x00000000f6300000, 0x0000000100000000, 0x0000000100000000)
  eden space 119808K, 100% used [0x00000000f6300000,0x00000000fd800000,0x00000000fd800000)
  from space 20480K, 34% used [0x00000000fd800000,0x00000000fdee6828,0x00000000fec00000)
  to   space 19456K, 0% used [0x00000000fed00000,0x00000000fed00000,0x0000000100000000)
 ParOldGen       total 67072K, used 32620K [0x00000000e2800000, 0x00000000e6980000, 0x00000000f6300000)
  object space 67072K, 48% used [0x00000000e2800000,0x00000000e47db2d0,0x00000000e6980000)
 Metaspace       used 69791K, capacity 71940K, committed 72088K, reserved 1112064K
  class space    used 9181K, capacity 9566K, committed 9632K, reserved 1048576K
Event: 29.835 GC heap after
Heap after GC invocations=17 (full 3):
 PSYoungGen      total 138240K, used 9934K [0x00000000f6300000, 0x00000000ffe00000, 0x0000000100000000)
  eden space 120832K, 0% used [0x00000000f6300000,0x00000000f6300000,0x00000000fd900000)
  from space 17408K, 57% used [0x00000000fed00000,0x00000000ff6b3900,0x00000000ffe00000)
  to   space 18944K, 0% used [0x00000000fd900000,0x00000000fd900000,0x00000000feb80000)
 ParOldGen       total 67072K, used 32628K [0x00000000e2800000, 0x00000000e6980000, 0x00000000f6300000)
  object space 67072K, 48% used [0x00000000e2800000,0x00000000e47dd2d0,0x00000000e6980000)
 Metaspace       used 69791K, capacity 71940K, committed 72088K, reserved 1112064K
  class space    used 9181K, capacity 9566K, committed 9632K, reserved 1048576K
}

