# JRE version: Java(TM) SE Runtime Environment (8.0_131-b11) (build 1.8.0_131-b11)
# Java VM: Java HotSpot(TM) 64-Bit Server VM (25.131-b11 mixed mode windows-amd64 compressed oops)
Heap:
 PSYoungGen      total 72704K, used 41686K [0x00000000f6300000, 0x00000000fbd80000, 0x0000000100000000)
  eden space 66560K, 53% used [0x00000000f6300000,0x00000000f860d870,0x00000000fa400000)
  from space 6144K, 94% used [0x00000000fa400000,0x00000000fa9a8210,0x00000000faa00000)
  to   space 7168K, 0% used [0x00000000fb680000,0x00000000fb680000,0x00000000fbd80000)
 ParOldGen       total 36864K, used 24883K [0x00000000e2800000, 0x00000000e4c00000, 0x00000000f6300000)
  object space 36864K, 67% used [0x00000000e2800000,0x00000000e404ccd0,0x00000000e4c00000)
 Metaspace       used 54666K, capacity 56298K, committed 56744K, reserved 1099776K
  class space    used 6947K, capacity 7267K, committed 7344K, reserved 1048576K
GC Heap History (10 events):
Event: 223.304 GC heap before
{Heap before GC invocations=32 (full 2):
 PSYoungGen      total 45056K, used 45022K [0x00000000f6300000, 0x00000000fa280000, 0x0000000100000000)
  eden space 41472K, 99% used [0x00000000f6300000,0x00000000f8b7c910,0x00000000f8b80000)
  from space 3584K, 99% used [0x00000000f8b80000,0x00000000f8efb0e0,0x00000000f8f00000)
  to   space 5632K, 0% used [0x00000000f9d00000,0x00000000f9d00000,0x00000000fa280000)
 ParOldGen       total 25088K, used 17295K [0x00000000e2800000, 0x00000000e4080000, 0x00000000f6300000)
  object space 25088K, 68% used [0x00000000e2800000,0x00000000e38e3f80,0x00000000e4080000)
 Metaspace       used 40506K, capacity 42012K, committed 42280K, reserved 1085440K
  class space    used 5287K, capacity 5592K, committed 5680K, reserved 1048576K
Event: 223.326 GC heap after
Heap after GC invocations=32 (full 2):
 PSYoungGen      total 58368K, used 3343K [0x00000000f6300000, 0x00000000fa200000, 0x0000000100000000)
  eden space 53248K, 0% used [0x00000000f6300000,0x00000000f6300000,0x00000000f9700000)
  from space 5120K, 65% used [0x00000000f9d00000,0x00000000fa043cf0,0x00000000fa200000)
  to   space 5632K, 0% used [0x00000000f9700000,0x00000000f9700000,0x00000000f9c80000)
 ParOldGen       total 25088K, used 20745K [0x00000000e2800000, 0x00000000e4080000, 0x00000000f6300000)
  object space 25088K, 82% used [0x00000000e2800000,0x00000000e3c42740,0x00000000e4080000)
 Metaspace       used 40506K, capacity 42012K, committed 42280K, reserved 1085440K
  class space    used 5287K, capacity 5592K, committed 5680K, reserved 1048576K
}
Event: 232.687 GC heap before
{Heap before GC invocations=33 (full 2):
 PSYoungGen      total 58368K, used 56591K [0x00000000f6300000, 0x00000000fa200000, 0x0000000100000000)
  eden space 53248K, 100% used [0x00000000f6300000,0x00000000f9700000,0x00000000f9700000)
  from space 5120K, 65% used [0x00000000f9d00000,0x00000000fa043cf0,0x00000000fa200000)
  to   space 5632K, 0% used [0x00000000f9700000,0x00000000f9700000,0x00000000f9c80000)
 ParOldGen       total 25088K, used 20745K [0x00000000e2800000, 0x00000000e4080000, 0x00000000f6300000)
  object space 25088K, 82% used [0x00000000e2800000,0x00000000e3c42740,0x00000000e4080000)
 Metaspace       used 42245K, capacity 43702K, committed 43944K, reserved 1087488K
  class space    used 5501K, capacity 5803K, committed 5808K, reserved 1048576K
Event: 232.740 GC heap after
Heap after GC invocations=33 (full 2):
 PSYoungGen      total 58880K, used 3811K [0x00000000f6300000, 0x00000000fb080000, 0x0000000100000000)
  eden space 53248K, 0% used [0x00000000f6300000,0x00000000f6300000,0x00000000f9700000)
  from space 5632K, 67% used [0x00000000f9700000,0x00000000f9ab8cc8,0x00000000f9c80000)
  to   space 5632K, 0% used [0x00000000fab00000,0x00000000fab00000,0x00000000fb080000)
 ParOldGen       total 25088K, used 22717K [0x00000000e2800000, 0x00000000e4080000, 0x00000000f6300000)
  object space 25088K, 90% used [0x00000000e2800000,0x00000000e3e2f530,0x00000000e4080000)
 Metaspace       used 42245K, capacity 43702K, committed 43944K, reserved 1087488K
  class space    used 5501K, capacity 5803K, committed 5808K, reserved 1048576K
}
Event: 232.740 GC heap before
{Heap before GC invocations=34 (full 3):
 PSYoungGen      total 58880K, used 3811K [0x00000000f6300000, 0x00000000fb080000, 0x0000000100000000)
  eden space 53248K, 0% used [0x00000000f6300000,0x00000000f6300000,0x00000000f9700000)
  from space 5632K, 67% used [0x00000000f9700000,0x00000000f9ab8cc8,0x00000000f9c80000)
  to   space 5632K, 0% used [0x00000000fab00000,0x00000000fab00000,0x00000000fb080000)
 ParOldGen       total 25088K, used 22717K [0x00000000e2800000, 0x00000000e4080000, 0x00000000f6300000)
  object space 25088K, 90% used [0x00000000e2800000,0x00000000e3e2f530,0x00000000e4080000)
 Metaspace       used 42245K, capacity 43702K, committed 43944K, reserved 1087488K
  class space    used 5501K, capacity 5803K, committed 5808K, reserved 1048576K
Event: 233.177 GC heap after
Heap after GC invocations=34 (full 3):
 PSYoungGen      total 58880K, used 0K [0x00000000f6300000, 0x00000000fb080000, 0x0000000100000000)
  eden space 53248K, 0% used [0x00000000f6300000,0x00000000f6300000,0x00000000f9700000)
  from space 5632K, 0% used [0x00000000f9700000,0x00000000f9700000,0x00000000f9c80000)
  to   space 5632K, 0% used [0x00000000fab00000,0x00000000fab00000,0x00000000fb080000)
 ParOldGen       total 36864K, used 22860K [0x00000000e2800000, 0x00000000e4c00000, 0x00000000f6300000)
  object space 36864K, 62% used [0x00000000e2800000,0x00000000e3e53390,0x00000000e4c00000)
 Metaspace       used 42245K, capacity 43702K, committed 43944K, reserved 1087488K
  class space    used 5501K, capacity 5803K, committed 5808K, reserved 1048576K
}
Event: 258.317 GC heap before
{Heap before GC invocations=35 (full 3):
 PSYoungGen      total 58880K, used 53248K [0x00000000f6300000, 0x00000000fb080000, 0x0000000100000000)
  eden space 53248K, 100% used [0x00000000f6300000,0x00000000f9700000,0x00000000f9700000)
  from space 5632K, 0% used [0x00000000f9700000,0x00000000f9700000,0x00000000f9c80000)
  to   space 5632K, 0% used [0x00000000fab00000,0x00000000fab00000,0x00000000fb080000)
 ParOldGen       total 36864K, used 22860K [0x00000000e2800000, 0x00000000e4c00000, 0x00000000f6300000)
  object space 36864K, 62% used [0x00000000e2800000,0x00000000e3e53390,0x00000000e4c00000)
 Metaspace       used 47148K, capacity 48680K, committed 48936K, reserved 1091584K
  class space    used 6049K, capacity 6368K, committed 6448K, reserved 1048576K
Event: 258.331 GC heap after
Heap after GC invocations=35 (full 3):
 PSYoungGen      total 71168K, used 4678K [0x00000000f6300000, 0x00000000fb000000, 0x0000000100000000)
  eden space 66048K, 0% used [0x00000000f6300000,0x00000000f6300000,0x00000000fa380000)
  from space 5120K, 91% used [0x00000000fab00000,0x00000000faf91838,0x00000000fb000000)
  to   space 6144K, 0% used [0x00000000fa400000,0x00000000fa400000,0x00000000faa00000)
 ParOldGen       total 36864K, used 22860K [0x00000000e2800000, 0x00000000e4c00000, 0x00000000f6300000)
  object space 36864K, 62% used [0x00000000e2800000,0x00000000e3e53390,0x00000000e4c00000)
 Metaspace       used 47148K, capacity 48680K, committed 48936K, reserved 1091584K
  class space    used 6049K, capacity 6368K, committed 6448K, reserved 1048576K
}
Event: 276.191 GC heap before
{Heap before GC invocations=36 (full 3):
 PSYoungGen      total 71168K, used 70726K [0x00000000f6300000, 0x00000000fb000000, 0x0000000100000000)
  eden space 66048K, 100% used [0x00000000f6300000,0x00000000fa380000,0x00000000fa380000)
  from space 5120K, 91% used [0x00000000fab00000,0x00000000faf91838,0x00000000fb000000)
  to   space 6144K, 0% used [0x00000000fa400000,0x00000000fa400000,0x00000000faa00000)
 ParOldGen       total 36864K, used 22860K [0x00000000e2800000, 0x00000000e4c00000, 0x00000000f6300000)
  object space 36864K, 62% used [0x00000000e2800000,0x00000000e3e53390,0x00000000e4c00000)
 Metaspace       used 51759K, capacity 53358K, committed 53800K, reserved 1095680K
  class space    used 6617K, capacity 6935K, committed 6960K, reserved 1048576K
Event: 276.211 GC heap after
Heap after GC invocations=36 (full 3):
 PSYoungGen      total 72704K, used 5792K [0x00000000f6300000, 0x00000000fbd80000, 0x0000000100000000)
  eden space 66560K, 0% used [0x00000000f6300000,0x00000000f6300000,0x00000000fa400000)
  from space 6144K, 94% used [0x00000000fa400000,0x00000000fa9a8210,0x00000000faa00000)
  to   space 7168K, 0% used [0x00000000fb680000,0x00000000fb680000,0x00000000fbd80000)
 ParOldGen       total 36864K, used 24883K [0x00000000e2800000, 0x00000000e4c00000, 0x00000000f6300000)
  object space 36864K, 67% used [0x00000000e2800000,0x00000000e404ccd0,0x00000000e4c00000)
 Metaspace       used 51759K, capacity 53358K, committed 53800K, reserved 1095680K
  class space    used 6617K, capacity 6935K, committed 6960K, reserved 1048576K
}

