# JRE version: Java(TM) SE Runtime Environment (8.0_131-b11) (build 1.8.0_131-b11)
# Java VM: Java HotSpot(TM) 64-Bit Server VM (25.131-b11 mixed mode windows-amd64 compressed oops)
Heap:
 PSYoungGen      total 12800K, used 4029K [0x00000000f6300000, 0x00000000f7280000, 0x0000000100000000)
  eden space 10240K, 29% used [0x00000000f6300000,0x00000000f65f0d48,0x00000000f6d00000)
  from space 2560K, 39% used [0x00000000f6f80000,0x00000000f707e960,0x00000000f7200000)
  to   space 2560K, 0% used [0x00000000f6d00000,0x00000000f6d00000,0x00000000f6f80000)
 ParOldGen       total 19968K, used 8136K [0x00000000e2800000, 0x00000000e3b80000, 0x00000000f6300000)
  object space 19968K, 40% used [0x00000000e2800000,0x00000000e2ff20e0,0x00000000e3b80000)
 Metaspace       used 23371K, capacity 24034K, committed 24320K, reserved 1071104K
  class space    used 3057K, capacity 3241K, committed 3328K, reserved 1048576K
GC Heap History (10 events):
Event: 28.669 GC heap before
{Heap before GC invocations=17 (full 0):
 PSYoungGen      total 10240K, used 5492K [0x00000000f6300000, 0x00000000f6f80000, 0x0000000100000000)
  eden space 7680K, 57% used [0x00000000f6300000,0x00000000f6757950,0x00000000f6a80000)
  from space 2560K, 40% used [0x00000000f6d00000,0x00000000f6e05708,0x00000000f6f80000)
  to   space 2560K, 0% used [0x00000000f6a80000,0x00000000f6a80000,0x00000000f6d00000)
 ParOldGen       total 20480K, used 8687K [0x00000000e2800000, 0x00000000e3c00000, 0x00000000f6300000)
  object space 20480K, 42% used [0x00000000e2800000,0x00000000e307beb0,0x00000000e3c00000)
 Metaspace       used 20602K, capacity 21156K, committed 21248K, reserved 1067008K
  class space    used 2651K, capacity 2800K, committed 2816K, reserved 1048576K
Event: 28.672 GC heap after
Heap after GC invocations=17 (full 0):
 PSYoungGen      total 10240K, used 718K [0x00000000f6300000, 0x00000000f6f80000, 0x0000000100000000)
  eden space 7680K, 0% used [0x00000000f6300000,0x00000000f6300000,0x00000000f6a80000)
  from space 2560K, 28% used [0x00000000f6a80000,0x00000000f6b33a20,0x00000000f6d00000)
  to   space 2560K, 0% used [0x00000000f6d00000,0x00000000f6d00000,0x00000000f6f80000)
 ParOldGen       total 20480K, used 8847K [0x00000000e2800000, 0x00000000e3c00000, 0x00000000f6300000)
  object space 20480K, 43% used [0x00000000e2800000,0x00000000e30a3eb0,0x00000000e3c00000)
 Metaspace       used 20602K, capacity 21156K, committed 21248K, reserved 1067008K
  class space    used 2651K, capacity 2800K, committed 2816K, reserved 1048576K
}
Event: 28.672 GC heap before
{Heap before GC invocations=18 (full 1):
 PSYoungGen      total 10240K, used 718K [0x00000000f6300000, 0x00000000f6f80000, 0x0000000100000000)
  eden space 7680K, 0% used [0x00000000f6300000,0x00000000f6300000,0x00000000f6a80000)
  from space 2560K, 28% used [0x00000000f6a80000,0x00000000f6b33a20,0x00000000f6d00000)
  to   space 2560K, 0% used [0x00000000f6d00000,0x00000000f6d00000,0x00000000f6f80000)
 ParOldGen       total 20480K, used 8847K [0x00000000e2800000, 0x00000000e3c00000, 0x00000000f6300000)
  object space 20480K, 43% used [0x00000000e2800000,0x00000000e30a3eb0,0x00000000e3c00000)
 Metaspace       used 20602K, capacity 21156K, committed 21248K, reserved 1067008K
  class space    used 2651K, capacity 2800K, committed 2816K, reserved 1048576K
Event: 28.773 GC heap after
Heap after GC invocations=18 (full 1):
 PSYoungGen      total 10240K, used 0K [0x00000000f6300000, 0x00000000f6f80000, 0x0000000100000000)
  eden space 7680K, 0% used [0x00000000f6300000,0x00000000f6300000,0x00000000f6a80000)
  from space 2560K, 0% used [0x00000000f6a80000,0x00000000f6a80000,0x00000000f6d00000)
  to   space 2560K, 0% used [0x00000000f6d00000,0x00000000f6d00000,0x00000000f6f80000)
 ParOldGen       total 19968K, used 7687K [0x00000000e2800000, 0x00000000e3b80000, 0x00000000f6300000)
  object space 19968K, 38% used [0x00000000e2800000,0x00000000e2f81f10,0x00000000e3b80000)
 Metaspace       used 20602K, capacity 21156K, committed 21248K, reserved 1067008K
  class space    used 2651K, capacity 2800K, committed 2816K, reserved 1048576K
}
Event: 29.073 GC heap before
{Heap before GC invocations=19 (full 1):
 PSYoungGen      total 10240K, used 7680K [0x00000000f6300000, 0x00000000f6f80000, 0x0000000100000000)
  eden space 7680K, 100% used [0x00000000f6300000,0x00000000f6a80000,0x00000000f6a80000)
  from space 2560K, 0% used [0x00000000f6a80000,0x00000000f6a80000,0x00000000f6d00000)
  to   space 2560K, 0% used [0x00000000f6d00000,0x00000000f6d00000,0x00000000f6f80000)
 ParOldGen       total 19968K, used 7687K [0x00000000e2800000, 0x00000000e3b80000, 0x00000000f6300000)
  object space 19968K, 38% used [0x00000000e2800000,0x00000000e2f81f10,0x00000000e3b80000)
 Metaspace       used 21455K, capacity 22062K, committed 22400K, reserved 1069056K
  class space    used 2774K, capacity 2931K, committed 2944K, reserved 1048576K
Event: 29.076 GC heap after
Heap after GC invocations=19 (full 1):
 PSYoungGen      total 10240K, used 1163K [0x00000000f6300000, 0x00000000f7200000, 0x0000000100000000)
  eden space 7680K, 0% used [0x00000000f6300000,0x00000000f6300000,0x00000000f6a80000)
  from space 2560K, 45% used [0x00000000f6d00000,0x00000000f6e22f70,0x00000000f6f80000)
  to   space 2560K, 0% used [0x00000000f6a80000,0x00000000f6a80000,0x00000000f6d00000)
 ParOldGen       total 19968K, used 7695K [0x00000000e2800000, 0x00000000e3b80000, 0x00000000f6300000)
  object space 19968K, 38% used [0x00000000e2800000,0x00000000e2f83f10,0x00000000e3b80000)
 Metaspace       used 21455K, capacity 22062K, committed 22400K, reserved 1069056K
  class space    used 2774K, capacity 2931K, committed 2944K, reserved 1048576K
}
Event: 29.527 GC heap before
{Heap before GC invocations=20 (full 1):
 PSYoungGen      total 10240K, used 8843K [0x00000000f6300000, 0x00000000f7200000, 0x0000000100000000)
  eden space 7680K, 100% used [0x00000000f6300000,0x00000000f6a80000,0x00000000f6a80000)
  from space 2560K, 45% used [0x00000000f6d00000,0x00000000f6e22f70,0x00000000f6f80000)
  to   space 2560K, 0% used [0x00000000f6a80000,0x00000000f6a80000,0x00000000f6d00000)
 ParOldGen       total 19968K, used 7695K [0x00000000e2800000, 0x00000000e3b80000, 0x00000000f6300000)
  object space 19968K, 38% used [0x00000000e2800000,0x00000000e2f83f10,0x00000000e3b80000)
 Metaspace       used 22235K, capacity 22842K, committed 23040K, reserved 1069056K
  class space    used 2892K, capacity 3053K, committed 3072K, reserved 1048576K
Event: 29.531 GC heap after
Heap after GC invocations=20 (full 1):
 PSYoungGen      total 10240K, used 1252K [0x00000000f6300000, 0x00000000f7200000, 0x0000000100000000)
  eden space 7680K, 0% used [0x00000000f6300000,0x00000000f6300000,0x00000000f6a80000)
  from space 2560K, 48% used [0x00000000f6a80000,0x00000000f6bb9338,0x00000000f6d00000)
  to   space 2560K, 0% used [0x00000000f6f80000,0x00000000f6f80000,0x00000000f7200000)
 ParOldGen       total 19968K, used 7871K [0x00000000e2800000, 0x00000000e3b80000, 0x00000000f6300000)
  object space 19968K, 39% used [0x00000000e2800000,0x00000000e2faff10,0x00000000e3b80000)
 Metaspace       used 22235K, capacity 22842K, committed 23040K, reserved 1069056K
  class space    used 2892K, capacity 3053K, committed 3072K, reserved 1048576K
}
Event: 30.281 GC heap before
{Heap before GC invocations=21 (full 1):
 PSYoungGen      total 10240K, used 8932K [0x00000000f6300000, 0x00000000f7200000, 0x0000000100000000)
  eden space 7680K, 100% used [0x00000000f6300000,0x00000000f6a80000,0x00000000f6a80000)
  from space 2560K, 48% used [0x00000000f6a80000,0x00000000f6bb9338,0x00000000f6d00000)
  to   space 2560K, 0% used [0x00000000f6f80000,0x00000000f6f80000,0x00000000f7200000)
 ParOldGen       total 19968K, used 7871K [0x00000000e2800000, 0x00000000e3b80000, 0x00000000f6300000)
  object space 19968K, 39% used [0x00000000e2800000,0x00000000e2faff10,0x00000000e3b80000)
 Metaspace       used 23057K, capacity 23714K, committed 23936K, reserved 1071104K
  class space    used 3017K, capacity 3177K, committed 3200K, reserved 1048576K
Event: 30.328 GC heap after
Heap after GC invocations=21 (full 1):
 PSYoungGen      total 12800K, used 1018K [0x00000000f6300000, 0x00000000f7280000, 0x0000000100000000)
  eden space 10240K, 0% used [0x00000000f6300000,0x00000000f6300000,0x00000000f6d00000)
  from space 2560K, 39% used [0x00000000f6f80000,0x00000000f707e960,0x00000000f7200000)
  to   space 2560K, 0% used [0x00000000f6d00000,0x00000000f6d00000,0x00000000f6f80000)
 ParOldGen       total 19968K, used 8136K [0x00000000e2800000, 0x00000000e3b80000, 0x00000000f6300000)
  object space 19968K, 40% used [0x00000000e2800000,0x00000000e2ff20e0,0x00000000e3b80000)
 Metaspace       used 23057K, capacity 23714K, committed 23936K, reserved 1071104K
  class space    used 3017K, capacity 3177K, committed 3200K, reserved 1048576K
}

