# JRE version: Java(TM) SE Runtime Environment (8.0_131-b11) (build 1.8.0_131-b11)
# Java VM: Java HotSpot(TM) 64-Bit Server VM (25.131-b11 mixed mode windows-amd64 compressed oops)
Heap:
 PSYoungGen      total 84992K, used 1567K [0x00000000f6300000, 0x00000000fcd00000, 0x0000000100000000)
  eden space 77312K, 0% used [0x00000000f6300000,0x00000000f6300000,0x00000000fae80000)
  from space 7680K, 20% used [0x00000000fc580000,0x00000000fc707f60,0x00000000fcd00000)
  to   space 6656K, 0% used [0x00000000fae80000,0x00000000fae80000,0x00000000fb500000)
 ParOldGen       total 49152K, used 28236K [0x00000000e2800000, 0x00000000e5800000, 0x00000000f6300000)
  object space 49152K, 57% used [0x00000000e2800000,0x00000000e4393370,0x00000000e5800000)
 Metaspace       used 51828K, capacity 53334K, committed 53544K, reserved 1099776K
  class space    used 6599K, capacity 6891K, committed 6952K, reserved 1048576K
GC Heap History (10 events):
Event: 131.246 GC heap after
Heap after GC invocations=27 (full 3):
 PSYoungGen      total 69632K, used 4582K [0x00000000f6300000, 0x00000000faf80000, 0x0000000100000000)
  eden space 65024K, 0% used [0x00000000f6300000,0x00000000f6300000,0x00000000fa280000)
  from space 4608K, 99% used [0x00000000fa980000,0x00000000fadf9b50,0x00000000fae00000)
  to   space 6656K, 0% used [0x00000000fa280000,0x00000000fa280000,0x00000000fa900000)
 ParOldGen       total 30720K, used 18201K [0x00000000e2800000, 0x00000000e4600000, 0x00000000f6300000)
  object space 30720K, 59% used [0x00000000e2800000,0x00000000e39c6778,0x00000000e4600000)
 Metaspace       used 39450K, capacity 40890K, committed 41128K, reserved 1085440K
  class space    used 5174K, capacity 5459K, committed 5544K, reserved 1048576K
}
Event: 135.087 GC heap before
{Heap before GC invocations=28 (full 3):
 PSYoungGen      total 69632K, used 69601K [0x00000000f6300000, 0x00000000faf80000, 0x0000000100000000)
  eden space 65024K, 99% used [0x00000000f6300000,0x00000000fa27ea30,0x00000000fa280000)
  from space 4608K, 99% used [0x00000000fa980000,0x00000000fadf9b50,0x00000000fae00000)
  to   space 6656K, 0% used [0x00000000fa280000,0x00000000fa280000,0x00000000fa900000)
 ParOldGen       total 30720K, used 18201K [0x00000000e2800000, 0x00000000e4600000, 0x00000000f6300000)
  object space 30720K, 59% used [0x00000000e2800000,0x00000000e39c6778,0x00000000e4600000)
 Metaspace       used 41996K, capacity 43460K, committed 43688K, reserved 1087488K
  class space    used 5479K, capacity 5766K, committed 5800K, reserved 1048576K
Event: 135.115 GC heap after
Heap after GC invocations=28 (full 3):
 PSYoungGen      total 71680K, used 4775K [0x00000000f6300000, 0x00000000fbb80000, 0x0000000100000000)
  eden space 65024K, 0% used [0x00000000f6300000,0x00000000f6300000,0x00000000fa280000)
  from space 6656K, 71% used [0x00000000fa280000,0x00000000fa729ef8,0x00000000fa900000)
  to   space 6656K, 0% used [0x00000000fb500000,0x00000000fb500000,0x00000000fbb80000)
 ParOldGen       total 30720K, used 22761K [0x00000000e2800000, 0x00000000e4600000, 0x00000000f6300000)
  object space 30720K, 74% used [0x00000000e2800000,0x00000000e3e3a4d8,0x00000000e4600000)
 Metaspace       used 41996K, capacity 43460K, committed 43688K, reserved 1087488K
  class space    used 5479K, capacity 5766K, committed 5800K, reserved 1048576K
}
Event: 136.961 GC heap before
{Heap before GC invocations=29 (full 3):
 PSYoungGen      total 71680K, used 69799K [0x00000000f6300000, 0x00000000fbb80000, 0x0000000100000000)
  eden space 65024K, 100% used [0x00000000f6300000,0x00000000fa280000,0x00000000fa280000)
  from space 6656K, 71% used [0x00000000fa280000,0x00000000fa729ef8,0x00000000fa900000)
  to   space 6656K, 0% used [0x00000000fb500000,0x00000000fb500000,0x00000000fbb80000)
 ParOldGen       total 30720K, used 22761K [0x00000000e2800000, 0x00000000e4600000, 0x00000000f6300000)
  object space 30720K, 74% used [0x00000000e2800000,0x00000000e3e3a4d8,0x00000000e4600000)
 Metaspace       used 44786K, capacity 46294K, committed 46760K, reserved 1089536K
  class space    used 5886K, capacity 6197K, committed 6312K, reserved 1048576K
Event: 137.004 GC heap after
Heap after GC invocations=29 (full 3):
 PSYoungGen      total 83968K, used 3622K [0x00000000f6300000, 0x00000000fbd00000, 0x0000000100000000)
  eden space 77312K, 0% used [0x00000000f6300000,0x00000000f6300000,0x00000000fae80000)
  from space 6656K, 54% used [0x00000000fb500000,0x00000000fb889a58,0x00000000fbb80000)
  to   space 6656K, 0% used [0x00000000fae80000,0x00000000fae80000,0x00000000fb500000)
 ParOldGen       total 30720K, used 25602K [0x00000000e2800000, 0x00000000e4600000, 0x00000000f6300000)
  object space 30720K, 83% used [0x00000000e2800000,0x00000000e4100898,0x00000000e4600000)
 Metaspace       used 44786K, capacity 46294K, committed 46760K, reserved 1089536K
  class space    used 5886K, capacity 6197K, committed 6312K, reserved 1048576K
}
Event: 140.155 GC heap before
{Heap before GC invocations=30 (full 3):
 PSYoungGen      total 83968K, used 80934K [0x00000000f6300000, 0x00000000fbd00000, 0x0000000100000000)
  eden space 77312K, 100% used [0x00000000f6300000,0x00000000fae80000,0x00000000fae80000)
  from space 6656K, 54% used [0x00000000fb500000,0x00000000fb889a58,0x00000000fbb80000)
  to   space 6656K, 0% used [0x00000000fae80000,0x00000000fae80000,0x00000000fb500000)
 ParOldGen       total 30720K, used 25602K [0x00000000e2800000, 0x00000000e4600000, 0x00000000f6300000)
  object space 30720K, 83% used [0x00000000e2800000,0x00000000e4100898,0x00000000e4600000)
 Metaspace       used 49797K, capacity 51318K, committed 51624K, reserved 1095680K
  class space    used 6436K, capacity 6731K, committed 6824K, reserved 1048576K
Event: 140.178 GC heap after
Heap after GC invocations=30 (full 3):
 PSYoungGen      total 83968K, used 5879K [0x00000000f6300000, 0x00000000fcd00000, 0x0000000100000000)
  eden space 77312K, 0% used [0x00000000f6300000,0x00000000f6300000,0x00000000fae80000)
  from space 6656K, 88% used [0x00000000fae80000,0x00000000fb43dcc8,0x00000000fb500000)
  to   space 7680K, 0% used [0x00000000fc580000,0x00000000fc580000,0x00000000fcd00000)
 ParOldGen       total 30720K, used 26879K [0x00000000e2800000, 0x00000000e4600000, 0x00000000f6300000)
  object space 30720K, 87% used [0x00000000e2800000,0x00000000e423ff90,0x00000000e4600000)
 Metaspace       used 49797K, capacity 51318K, committed 51624K, reserved 1095680K
  class space    used 6436K, capacity 6731K, committed 6824K, reserved 1048576K
}
Event: 140.178 GC heap before
{Heap before GC invocations=31 (full 4):
 PSYoungGen      total 83968K, used 5879K [0x00000000f6300000, 0x00000000fcd00000, 0x0000000100000000)
  eden space 77312K, 0% used [0x00000000f6300000,0x00000000f6300000,0x00000000fae80000)
  from space 6656K, 88% used [0x00000000fae80000,0x00000000fb43dcc8,0x00000000fb500000)
  to   space 7680K, 0% used [0x00000000fc580000,0x00000000fc580000,0x00000000fcd00000)
 ParOldGen       total 30720K, used 26879K [0x00000000e2800000, 0x00000000e4600000, 0x00000000f6300000)
  object space 30720K, 87% used [0x00000000e2800000,0x00000000e423ff90,0x00000000e4600000)
 Metaspace       used 49797K, capacity 51318K, committed 51624K, reserved 1095680K
  class space    used 6436K, capacity 6731K, committed 6824K, reserved 1048576K
Event: 140.360 GC heap after
Heap after GC invocations=31 (full 4):
 PSYoungGen      total 83968K, used 0K [0x00000000f6300000, 0x00000000fcd00000, 0x0000000100000000)
  eden space 77312K, 0% used [0x00000000f6300000,0x00000000f6300000,0x00000000fae80000)
  from space 6656K, 0% used [0x00000000fae80000,0x00000000fae80000,0x00000000fb500000)
  to   space 7680K, 0% used [0x00000000fc580000,0x00000000fc580000,0x00000000fcd00000)
 ParOldGen       total 49152K, used 28236K [0x00000000e2800000, 0x00000000e5800000, 0x00000000f6300000)
  object space 49152K, 57% used [0x00000000e2800000,0x00000000e4393370,0x00000000e5800000)
 Metaspace       used 49797K, capacity 51318K, committed 51624K, reserved 1095680K
  class space    used 6436K, capacity 6731K, committed 6824K, reserved 1048576K
}
Event: 141.511 GC heap before
{Heap before GC invocations=32 (full 4):
 PSYoungGen      total 83968K, used 13730K [0x00000000f6300000, 0x00000000fcd00000, 0x0000000100000000)
  eden space 77312K, 17% used [0x00000000f6300000,0x00000000f70688b8,0x00000000fae80000)
  from space 6656K, 0% used [0x00000000fae80000,0x00000000fae80000,0x00000000fb500000)
  to   space 7680K, 0% used [0x00000000fc580000,0x00000000fc580000,0x00000000fcd00000)
 ParOldGen       total 49152K, used 28236K [0x00000000e2800000, 0x00000000e5800000, 0x00000000f6300000)
  object space 49152K, 57% used [0x00000000e2800000,0x00000000e4393370,0x00000000e5800000)
 Metaspace       used 51828K, capacity 53334K, committed 53544K, reserved 1099776K
  class space    used 6599K, capacity 6891K, committed 6952K, reserved 1048576K

